<?xml version="1.0" encoding="UTF-8"?>
<!-- Generated by org.testng.reporters.JUnitXMLReporter -->
<testsuite hostname="LAPTOP-V7U200JF" ignored="0" name="Test" tests="1" failures="0" timestamp="12 九月 2017 09:39:03 GMT" time="149.605" errors="0">
  <testcase name="@BeforeClass startTest" time="65.359" classname="com.kangda.test.base.BaseParpare">
    <failure type="java.lang.NumberFormatException" message="null">
      <![CDATA[java.lang.NumberFormatException: null
	at java.lang.Integer.parseInt(Unknown Source)
	at java.lang.Integer.valueOf(Unknown Source)
	at com.kangda.test.base.BaseParpare.startTest(BaseParpare.java:49)
... Removed 25 stack frames]]>
    </failure>
  </testcase> <!-- @BeforeClass startTest -->
  <testcase name="@AfterClass endTest" time="0.0" classname="com.kangda.test.base.BaseParpare">
    <skipped/>
  </testcase> <!-- @AfterClass endTest -->
  <testcase name="loginSuccessFunction" time="0.0" classname="com.kangda.test.testcases.login.LoginPage_001_LoginSuccessFunction_Test">
    <skipped/>
  </testcase> <!-- loginSuccessFunction -->
</testsuite> <!-- Test -->
